<?xml version="1.0" encoding="utf-8"?><testsuites name="pytest tests"><testsuite name="pytest" errors="0" failures="0" skipped="0" tests="9" time="1.453" timestamp="2026-09-21T16:59:01.162935+00:00" hostname="agent-env-15216173-3008-429e-afeb-19ed56d4183d"><testcase classname="tests.test_orders_regression.TestOrderRegression" name="test_01_post_orders_no_auth" time="0.161" /><testcase classname="tests.test_orders_regression.TestOrderRegression" name="test_02_post_orders_success" time="0.113" /><testcase classname="tests.test_orders_regression.TestOrderRegression" name="test_03_post_orders_duplicate_transaction_409" time="0.099" /><testcase classname="tests.test_orders_regression.TestOrderRegression" name="test_04_get_customer_orders_contains_order" time="0.082" /><testcase classname="tests.test_orders_regression.TestOrderRegression" name="test_05_admin_approve" time="0.160" /><testcase classname="tests.test_orders_regression.TestOrderRegression" name="test_06_customer_orders_reflects_approved" time="0.082" /><testcase classname="tests.test_orders_regression.TestOrderRegression" name="test_07_admin_complete" time="0.411" /><testcase classname="tests.test_orders_regression.TestOrderRegression" name="test_08_customer_orders_reflects_completed" time="0.120" /><testcase classname="tests.test_orders_regression.TestOrderRegression" name="test_09_admin_logs_contain_actions" time="0.083" /></testsuite></testsuites>